<?xml version="1.0" encoding="UTF-8"?>
<!-- Generated by org.testng.reporters.JUnitXMLReporter -->
<testsuite ignored="2" hostname="SHUBHAM" failures="0" tests="1" name="Default test" time="21.473" errors="0" timestamp="2023-06-23T13:16:02 IST">
  <testcase classname="programs.LoginModule" name="validateLogin" time="15.774"/>
  <testcase classname="programs.LoginModule" name="gmailVerification" time="0.0">
    <ignored/>
  </testcase> <!-- gmailVerification -->
  <testcase classname="programs.LoginModule" name="signUp" time="0.0">
    <ignored/>
  </testcase> <!-- signUp -->
</testsuite> <!-- Default test -->
