<?xml version="1.0" encoding="UTF-8"?>
<testng-results ignored="2" total="3" passed="1" failed="0" skipped="0">
  <reporter-output>
  </reporter-output>
  <suite started-at="2023-06-23T13:15:41 IST" name="Default suite" finished-at="2023-06-23T13:16:02 IST" duration-ms="21473">
    <groups>
    </groups>
    <test started-at="2023-06-23T13:15:41 IST" name="Default test" finished-at="2023-06-23T13:16:02 IST" duration-ms="21473">
      <class name="programs.LoginModule">
        <test-method is-config="true" signature="initialization()[pri:0, instance:programs.LoginModule@7674f035]" started-at="2023-06-23T13:15:41 IST" name="initialization" finished-at="2023-06-23T13:15:46 IST" duration-ms="5547" status="PASS">
          <reporter-output>
          </reporter-output>
        </test-method> <!-- initialization -->
        <test-method signature="validateLogin()[pri:3, instance:programs.LoginModule@7674f035]" started-at="2023-06-23T13:15:46 IST" name="validateLogin" finished-at="2023-06-23T13:16:02 IST" duration-ms="15774" status="PASS">
          <reporter-output>
          </reporter-output>
        </test-method> <!-- validateLogin -->
        <test-method is-config="true" signature="tearDown()[pri:0, instance:programs.LoginModule@7674f035]" started-at="2023-06-23T13:16:02 IST" name="tearDown" finished-at="2023-06-23T13:16:02 IST" duration-ms="1" status="PASS">
          <reporter-output>
          </reporter-output>
        </test-method> <!-- tearDown -->
      </class> <!-- programs.LoginModule -->
    </test> <!-- Default test -->
  </suite> <!-- Default suite -->
</testng-results>
